2016-05 git fmtools
2016-04 web forum.tinkuy.dk
2016-04 web alive.solsort.com
2016-01 git mubackend rasmuserik
2016-01 git apps rasmuserik
2016-00 web rasmuserik.com
2016-00 web annevoel.dk
2016-00 git mobibl
2015-12 git html5book rasmuserik
2015-04 git lemon NewCircleMovement
2015-04 git bibapp rasmuserik
2015-04 git app-list rasmuserik
2014-04 git visualisering-af-relationer solsort
2014-04 git sketch-note-draw rasmuserik
2014-04 git single-touch-snake rasmuserik
2014-04 git morse-code rasmuserik
2014-04 git kbh-parking rasmuserik
2014-04 git frie-sange rasmuserik
2014-04 git 360-viewer OneTwo360
2013-04 git art-quiz rasmuserik
2013-04 git app-tsartnoc rasmuserik
2012-04 git blobshot rasmuserik
2011-04 git planetcute rasmuserik
2011-04 git notescore rasmuserik
2011-04 git julia4d rasmuserik
2011-04 git js1k-sierpinsky rasmuserik
2011-04 git js1k-rain rasmuserik
2011-04 git js1k-brownian rasmuserik
2011-04 git dkcities rasmuserik
2011-00 git timelog rasmuserik
2011-00 git combigame rasmuserik
